\BOOKMARK [0][-]{section*.2}{List of Figures}{}% 1
\BOOKMARK [0][-]{section*.3}{List of Tables}{}% 2
\BOOKMARK [0][-]{chapter*.4}{List of Acronyms}{}% 3
\BOOKMARK [0][-]{chapter.1}{Introduction}{}% 4
\BOOKMARK [1][-]{section.1.1}{Todays' Security Threats}{chapter.1}% 5
\BOOKMARK [2][-]{subsection.1.1.1}{The Role of Intrusion Detection}{section.1.1}% 6
\BOOKMARK [1][-]{section.1.2}{Original Contributions}{chapter.1}% 7
\BOOKMARK [2][-]{subsection.1.2.1}{Host-based Anomaly Detection}{section.1.2}% 8
\BOOKMARK [2][-]{subsection.1.2.2}{Web-based Anomaly Detection}{section.1.2}% 9
\BOOKMARK [2][-]{subsection.1.2.3}{Alert Correlation}{section.1.2}% 10
\BOOKMARK [0][-]{chapter.2}{A Chapter of Examples}{}% 11
\BOOKMARK [1][-]{section.2.1}{A Table}{chapter.2}% 12
\BOOKMARK [1][-]{section.2.2}{Code}{chapter.2}% 13
\BOOKMARK [1][-]{section.2.3}{A Sideways Table}{chapter.2}% 14
\BOOKMARK [1][-]{section.2.4}{A Figure}{chapter.2}% 15
\BOOKMARK [1][-]{section.2.5}{Bulleted List}{chapter.2}% 16
\BOOKMARK [1][-]{section.2.6}{Numbered List}{chapter.2}% 17
\BOOKMARK [1][-]{section.2.7}{A Description}{chapter.2}% 18
\BOOKMARK [1][-]{section.2.8}{An Equation}{chapter.2}% 19
\BOOKMARK [1][-]{section.2.9}{A Theorem, Proposition \046 Proof}{chapter.2}% 20
\BOOKMARK [1][-]{section.2.10}{Definition}{chapter.2}% 21
\BOOKMARK [1][-]{section.2.11}{A Remark}{chapter.2}% 22
\BOOKMARK [1][-]{section.2.12}{An Example}{chapter.2}% 23
\BOOKMARK [1][-]{section.2.13}{Note}{chapter.2}% 24
\BOOKMARK [0][-]{section*.17}{Bibliography}{}% 25
\BOOKMARK [0][-]{section*.18}{Index}{}% 26
